<?xml version="1.0" encoding="UTF-8"?>
<!-- Generated by org.testng.reporters.JUnitReportReporter -->
<testsuite hostname="mangesh-sutar" failures="0" tests="1" name="Lec01_InstallationOfTestNG" time="0.007" errors="0" timestamp="2023-02-17T17:38:40 IST" skipped="0">
  <testcase classname="Lec01_InstallationOfTestNG" name="sampleMethod" time="0.007"/>
  <system-out/>
</testsuite> <!-- Lec01_InstallationOfTestNG -->
