<?xml version="1.0" encoding="UTF-8"?>
<!-- Generated by org.testng.reporters.JUnitReportReporter -->
<testsuite hostname="mangesh-sutar" failures="0" tests="2" name="com.testng.practice.P3_FirstTestNGclass" time="16.661" errors="0" timestamp="2023-03-09T20:22:43 IST" skipped="0">
  <testcase classname="com.testng.practice.P3_FirstTestNGclass" name="TestFacebook" time="8.962"/>
  <system-out/>
  <testcase classname="com.testng.practice.P3_FirstTestNGclass" name="TestGoogle" time="7.699"/>
  <system-out/>
</testsuite> <!-- com.testng.practice.P3_FirstTestNGclass -->
