<?xml version="1.0" encoding="UTF-8"?>
<!-- Generated by org.testng.reporters.JUnitReportReporter -->
<testsuite hostname="mangesh-sutar" failures="0" tests="16" name="com.testng.practice.sampleReadThedataFromExcel" time="138.215" errors="0" timestamp="2023-03-15T08:13:34 IST" skipped="0">
  <testcase classname="com.testng.practice.sampleReadThedataFromExcel" name="testMethds" time="8.484"/>
  <system-out/>
  <testcase classname="com.testng.practice.sampleReadThedataFromExcel" name="testMethds" time="9.507"/>
  <system-out/>
  <testcase classname="com.testng.practice.sampleReadThedataFromExcel" name="testMethds" time="10.184"/>
  <system-out/>
  <testcase classname="com.testng.practice.sampleReadThedataFromExcel" name="testMethds" time="8.547"/>
  <system-out/>
  <testcase classname="com.testng.practice.sampleReadThedataFromExcel" name="testMethds" time="9.073"/>
  <system-out/>
  <testcase classname="com.testng.practice.sampleReadThedataFromExcel" name="testMethds" time="9.893"/>
  <system-out/>
  <testcase classname="com.testng.practice.sampleReadThedataFromExcel" name="testMethds" time="7.230"/>
  <system-out/>
  <testcase classname="com.testng.practice.sampleReadThedataFromExcel" name="testMethds" time="8.613"/>
  <system-out/>
  <testcase classname="com.testng.practice.sampleReadThedataFromExcel" name="testMethds" time="7.112"/>
  <system-out/>
  <testcase classname="com.testng.practice.sampleReadThedataFromExcel" name="testMethds" time="10.012"/>
  <system-out/>
  <testcase classname="com.testng.practice.sampleReadThedataFromExcel" name="testMethds" time="9.802"/>
  <system-out/>
  <testcase classname="com.testng.practice.sampleReadThedataFromExcel" name="testMethds" time="7.380"/>
  <system-out/>
  <testcase classname="com.testng.practice.sampleReadThedataFromExcel" name="testMethds" time="6.948"/>
  <system-out/>
  <testcase classname="com.testng.practice.sampleReadThedataFromExcel" name="testMethds" time="7.661"/>
  <system-out/>
  <testcase classname="com.testng.practice.sampleReadThedataFromExcel" name="testMethds" time="9.277"/>
  <system-out/>
  <testcase classname="com.testng.practice.sampleReadThedataFromExcel" name="testMethds" time="8.492"/>
  <system-out/>
</testsuite> <!-- com.testng.practice.sampleReadThedataFromExcel -->
