<?xml version="1.0" encoding="UTF-8"?>
<!-- Generated by org.testng.reporters.JUnitReportReporter -->
<testsuite hostname="mangesh-sutar" failures="0" tests="1" name="com.testng.practice.P5_AssertionTestNG" time="9.624" errors="0" timestamp="2023-02-20T21:50:28 IST" skipped="0">
  <testcase classname="com.testng.practice.P5_AssertionTestNG" name="launchbrowserAndVerifyTitle" time="9.624"/>
  <system-out/>
</testsuite> <!-- com.testng.practice.P5_AssertionTestNG -->
