<?xml version="1.0" encoding="UTF-8"?>
<!-- Generated by org.testng.reporters.JUnitReportReporter -->
<testsuite hostname="mangesh-sutar" failures="0" tests="4" name="P23_parallelExectionOfTest.P23_03_TestClass" time="0.011" errors="0" timestamp="2023-02-25T07:43:57 IST" skipped="0">
  <testcase classname="P23_parallelExectionOfTest.P23_03_TestClass" name="testMethod11" time="0.002"/>
  <system-out/>
  <testcase classname="P23_parallelExectionOfTest.P23_03_TestClass" name="testMethod9" time="0.002"/>
  <system-out/>
  <testcase classname="P23_parallelExectionOfTest.P23_03_TestClass" name="testMethod12" time="0.001"/>
  <system-out/>
  <testcase classname="P23_parallelExectionOfTest.P23_03_TestClass" name="testMethod10" time="0.006"/>
  <system-out/>
</testsuite> <!-- P23_parallelExectionOfTest.P23_03_TestClass -->
