<?xml version="1.0" encoding="UTF-8"?>
<!-- Generated by org.testng.reporters.JUnitReportReporter -->
<testsuite hostname="mangesh-sutar" failures="0" tests="6" name="com.testng.practice.P11_setPriority" time="0.009" errors="0" timestamp="2023-02-23T06:46:06 IST" skipped="0">
  <testcase classname="com.testng.practice.P11_setPriority" name="SignUp" time="0.004"/>
  <system-out/>
  <testcase classname="com.testng.practice.P11_setPriority" name="Login" time="0.001"/>
  <system-out/>
  <testcase classname="com.testng.practice.P11_setPriority" name="SearchFlight" time="0.001"/>
  <system-out/>
  <testcase classname="com.testng.practice.P11_setPriority" name="SaveTicket" time="0.001"/>
  <system-out/>
  <testcase classname="com.testng.practice.P11_setPriority" name="Bookflightticket" time="0.001"/>
  <system-out/>
  <testcase classname="com.testng.practice.P11_setPriority" name="Logout" time="0.001"/>
  <system-out/>
</testsuite> <!-- com.testng.practice.P11_setPriority -->
