<?xml version="1.0" encoding="UTF-8"?>
<!-- Generated by org.testng.reporters.JUnitReportReporter -->
<testsuite hostname="mangesh-sutar" failures="0" tests="2" name="com.testng.practice.sampleDataProvider" time="18.408" errors="0" timestamp="2023-03-11T23:03:36 IST" skipped="0">
  <testcase classname="com.testng.practice.sampleDataProvider" name="lauchappwithDifferentData" time="7.720"/>
  <system-out/>
  <testcase classname="com.testng.practice.sampleDataProvider" name="lauchappwithDifferentData" time="10.688"/>
  <system-out/>
</testsuite> <!-- com.testng.practice.sampleDataProvider -->
