<?xml version="1.0" encoding="UTF-8"?>
<!-- Generated by org.testng.reporters.JUnitReportReporter -->
<testsuite hostname="mangesh-sutar" failures="0" tests="3" name="sampletestclass" time="0.015" errors="0" timestamp="2023-03-09T21:12:19 IST" skipped="0">
  <testcase classname="sampletestclass" name="loginIntoApp" time="0.002"/>
  <system-out/>
  <testcase classname="sampletestclass" name="launchapp" time="0.003"/>
  <system-out/>
  <testcase classname="sampletestclass" name="logout" time="0.010"/>
  <system-out/>
</testsuite> <!-- sampletestclass -->
