<?xml version="1.0" encoding="UTF-8"?>
<!-- Generated by org.testng.reporters.JUnitReportReporter -->
<testsuite hostname="mangesh-sutar" failures="0" tests="3" name="com.testng.practice.P8_ScriptLevelSingleParameter" time="15.594" errors="0" timestamp="2023-02-22T08:01:50 IST" skipped="0">
  <testcase classname="com.testng.practice.P8_ScriptLevelSingleParameter" name="launchApp" time="3.507"/>
  <system-out/>
  <testcase classname="com.testng.practice.P8_ScriptLevelSingleParameter" name="logindetails" time="7.043"/>
  <system-out/>
  <testcase classname="com.testng.practice.P8_ScriptLevelSingleParameter" name="UserLoggedIN" time="5.044"/>
  <system-out/>
</testsuite> <!-- com.testng.practice.P8_ScriptLevelSingleParameter -->
