<?xml version="1.0" encoding="UTF-8"?>
<!-- Generated by org.testng.reporters.JUnitReportReporter -->
<testsuite hostname="mangesh-sutar" failures="0" tests="3" name="com.testng.practice.sampledependancyconcept" time="0.007" errors="0" timestamp="2023-03-11T18:17:21 IST" skipped="0">
  <testcase classname="com.testng.practice.sampledependancyconcept" name="checkstatusOfPNR" time="0.001"/>
  <system-out/>
  <testcase classname="com.testng.practice.sampledependancyconcept" name="generatePNR" time="0.005"/>
  <system-out/>
  <testcase classname="com.testng.practice.sampledependancyconcept" name="canclePNR" time="0.001"/>
  <system-out/>
</testsuite> <!-- com.testng.practice.sampledependancyconcept -->
