<?xml version="1.0" encoding="UTF-8"?>
<!-- Generated by org.testng.reporters.JUnitReportReporter -->
<testsuite hostname="mangesh-sutar" failures="0" tests="3" name="com.testng.practice.P9_optionalParameter" time="12.905" errors="0" timestamp="2023-03-11T17:17:45 IST" skipped="0">
  <testcase classname="com.testng.practice.P9_optionalParameter" name="logindetails" time="7.141"/>
  <system-out/>
  <testcase classname="com.testng.practice.P9_optionalParameter" name="UserLoggedIN" time="0.020"/>
  <system-out/>
  <testcase classname="com.testng.practice.P9_optionalParameter" name="launchApp" time="5.744"/>
  <system-out/>
</testsuite> <!-- com.testng.practice.P9_optionalParameter -->
