<?xml version="1.0" encoding="UTF-8"?>
<!-- Generated by org.testng.reporters.JUnitReportReporter -->
<testsuite hostname="mangesh-sutar" failures="0" tests="2" name="com.testng.practice.P18_indicesConcept" time="0.006" errors="0" timestamp="2023-02-24T19:25:59 IST" skipped="0">
  <testcase classname="com.testng.practice.P18_indicesConcept" name="TestMethods" time="0.005"/>
  <system-out/>
  <testcase classname="com.testng.practice.P18_indicesConcept" name="TestMethods" time="0.001"/>
  <system-out/>
</testsuite> <!-- com.testng.practice.P18_indicesConcept -->
