<?xml version="1.0" encoding="UTF-8"?>
<!-- Generated by org.testng.reporters.JUnitReportReporter -->
<testsuite hostname="mangesh-sutar" failures="0" tests="4" name="com.testng.practice.P15_DependencyOnGroup" time="0.004" errors="0" timestamp="2023-03-11T18:33:53 IST" skipped="1">
  <testcase classname="com.testng.practice.P15_DependencyOnGroup" name="test0" time="0.000">
    <skipped/>
  </testcase> <!-- test0 -->
  <system-out/>
  <testcase classname="com.testng.practice.P15_DependencyOnGroup" name="test2" time="0.001"/>
  <system-out/>
  <testcase classname="com.testng.practice.P15_DependencyOnGroup" name="test3" time="0.001"/>
  <system-out/>
  <testcase classname="com.testng.practice.P15_DependencyOnGroup" name="test1" time="0.002"/>
  <system-out/>
</testsuite> <!-- com.testng.practice.P15_DependencyOnGroup -->
