<?xml version="1.0" encoding="UTF-8"?>
<!-- Generated by org.testng.reporters.JUnitReportReporter -->
<testsuite hostname="mangesh-sutar" failures="0" tests="2" name="com.testng.practice.P16_dataProvider" time="27.080" errors="0" timestamp="2023-02-24T12:09:21 IST" skipped="0">
  <testcase classname="com.testng.practice.P16_dataProvider" name="NewtoursLogin" time="11.544"/>
  <system-out/>
  <testcase classname="com.testng.practice.P16_dataProvider" name="NewtoursLogin" time="15.536"/>
  <system-out/>
</testsuite> <!-- com.testng.practice.P16_dataProvider -->
