<?xml version="1.0" encoding="UTF-8"?>
<!-- Generated by org.testng.reporters.JUnitReportReporter -->
<testsuite hostname="mangesh-sutar" failures="0" tests="1" name="com.testng.practice.P7_AnnotationsAndTheFlowOfExecution_01" time="0.004" errors="0" timestamp="2023-03-05T08:07:16 IST" skipped="0">
  <testcase classname="com.testng.practice.P7_AnnotationsAndTheFlowOfExecution_01" name="f" time="0.004"/>
  <system-out/>
</testsuite> <!-- com.testng.practice.P7_AnnotationsAndTheFlowOfExecution_01 -->
