<?xml version="1.0" encoding="UTF-8"?>
<!-- Generated by org.testng.reporters.JUnitReportReporter -->
<testsuite hostname="mangesh-sutar" failures="0" tests="3" name="com.testng.practice.P7_AnnotationsAndTheFlowOfExecution_02" time="4.253" errors="0" timestamp="2023-02-21T21:25:19 IST" skipped="0">
  <testcase classname="com.testng.practice.P7_AnnotationsAndTheFlowOfExecution_02" name="VerifyCurrentURL" time="0.005"/>
  <system-out/>
  <testcase classname="com.testng.practice.P7_AnnotationsAndTheFlowOfExecution_02" name="launchApp" time="4.241"/>
  <system-out/>
  <testcase classname="com.testng.practice.P7_AnnotationsAndTheFlowOfExecution_02" name="VerifyTitle" time="0.007"/>
  <system-out/>
</testsuite> <!-- com.testng.practice.P7_AnnotationsAndTheFlowOfExecution_02 -->
