<?xml version="1.0" encoding="UTF-8"?>
<!-- Generated by org.testng.reporters.JUnitReportReporter -->
<testsuite hostname="mangesh-sutar" failures="0" tests="1" name="com.testng.practice.P10_EnableOrdisbaledTheTest" time="9.318" errors="0" timestamp="2023-02-23T06:32:33 IST" skipped="0">
  <testcase classname="com.testng.practice.P10_EnableOrdisbaledTheTest" name="TestGoogle" time="9.318"/>
  <system-out/>
</testsuite> <!-- com.testng.practice.P10_EnableOrdisbaledTheTest -->
