<?xml version="1.0" encoding="UTF-8"?>
<!-- Generated by org.testng.reporters.JUnitReportReporter -->
<testsuite hostname="mangesh-sutar" failures="0" tests="6" name="com.testng.practice.sampletestclass3" time="0.013" errors="0" timestamp="2023-03-11T12:40:59 IST" skipped="0">
  <testcase classname="com.testng.practice.sampletestclass3" name="X" time="0.001"/>
  <system-out/>
  <testcase classname="com.testng.practice.sampletestclass3" name="K" time="0.001"/>
  <system-out/>
  <testcase classname="com.testng.practice.sampletestclass3" name="T" time="0.001"/>
  <system-out/>
  <testcase classname="com.testng.practice.sampletestclass3" name="A" time="0.007"/>
  <system-out/>
  <testcase classname="com.testng.practice.sampletestclass3" name="F" time="0.002"/>
  <system-out/>
  <testcase classname="com.testng.practice.sampletestclass3" name="Z" time="0.001"/>
  <system-out/>
</testsuite> <!-- com.testng.practice.sampletestclass3 -->
