<?xml version="1.0" encoding="UTF-8"?>
<!-- Generated by org.testng.reporters.JUnitReportReporter -->
<testsuite hostname="mangesh-sutar" failures="0" tests="4" name="P13_GroupConcept.P13_02_NewTestClass" time="0.004" errors="0" timestamp="2023-02-23T19:33:52 IST" skipped="0">
  <testcase classname="P13_GroupConcept.P13_02_NewTestClass" name="Method8" time="0.001"/>
  <system-out/>
  <testcase classname="P13_GroupConcept.P13_02_NewTestClass" name="Method7" time="0.001"/>
  <system-out/>
  <testcase classname="P13_GroupConcept.P13_02_NewTestClass" name="Method5" time="0.001"/>
  <system-out/>
  <testcase classname="P13_GroupConcept.P13_02_NewTestClass" name="Method6" time="0.001"/>
  <system-out/>
</testsuite> <!-- P13_GroupConcept.P13_02_NewTestClass -->
