<?xml version="1.0" encoding="UTF-8"?>
<!-- Generated by org.testng.reporters.JUnitReportReporter -->
<testsuite hostname="mangesh-sutar" failures="0" tests="3" name="com.testng.practice.P19_TestMethods" time="0.005" errors="0" timestamp="2023-02-24T20:27:04 IST" skipped="0">
  <testcase classname="com.testng.practice.P19_TestMethods" name="testMethods" time="0.004"/>
  <system-out/>
  <testcase classname="com.testng.practice.P19_TestMethods" name="testMethods" time="0.000"/>
  <system-out/>
  <testcase classname="com.testng.practice.P19_TestMethods" name="testMethods" time="0.001"/>
  <system-out/>
</testsuite> <!-- com.testng.practice.P19_TestMethods -->
