<?xml version="1.0" encoding="UTF-8"?>
<!-- Generated by org.testng.reporters.JUnitReportReporter -->
<testsuite hostname="mangesh-sutar" failures="0" tests="8" name="com.testng.practice.P20_ReadDataFromExcel" time="128.997" errors="0" timestamp="2023-02-25T06:23:31 IST" skipped="0">
  <testcase classname="com.testng.practice.P20_ReadDataFromExcel" name="NewtoursLogin" time="16.416"/>
  <system-out/>
  <testcase classname="com.testng.practice.P20_ReadDataFromExcel" name="NewtoursLogin" time="17.364"/>
  <system-out/>
  <testcase classname="com.testng.practice.P20_ReadDataFromExcel" name="NewtoursLogin" time="15.015"/>
  <system-out/>
  <testcase classname="com.testng.practice.P20_ReadDataFromExcel" name="NewtoursLogin" time="13.508"/>
  <system-out/>
  <testcase classname="com.testng.practice.P20_ReadDataFromExcel" name="NewtoursLogin" time="14.509"/>
  <system-out/>
  <testcase classname="com.testng.practice.P20_ReadDataFromExcel" name="NewtoursLogin" time="16.266"/>
  <system-out/>
  <testcase classname="com.testng.practice.P20_ReadDataFromExcel" name="NewtoursLogin" time="20.330"/>
  <system-out/>
  <testcase classname="com.testng.practice.P20_ReadDataFromExcel" name="NewtoursLogin" time="15.589"/>
  <system-out/>
</testsuite> <!-- com.testng.practice.P20_ReadDataFromExcel -->
