<?xml version="1.0" encoding="UTF-8"?>
<!-- Generated by org.testng.reporters.JUnitReportReporter -->
<testsuite hostname="mangesh-sutar" failures="0" tests="3" name="com.testng.practice.samplegrupclass1" time="0.009" errors="0" timestamp="2023-03-11T13:59:07 IST" skipped="0">
  <testcase classname="com.testng.practice.samplegrupclass1" name="method2" time="0.002"/>
  <system-out/>
  <testcase classname="com.testng.practice.samplegrupclass1" name="method1" time="0.006"/>
  <system-out/>
  <testcase classname="com.testng.practice.samplegrupclass1" name="method3" time="0.001"/>
  <system-out/>
</testsuite> <!-- com.testng.practice.samplegrupclass1 -->
