<?xml version="1.0" encoding="UTF-8"?>
<!-- Generated by org.testng.reporters.JUnitReportReporter -->
<testsuite hostname="mangesh-sutar" failures="0" tests="4" name="P13_GroupConcept.P13_01_NewTestClass" time="0.010" errors="0" timestamp="2023-02-23T19:33:52 IST" skipped="0">
  <testcase classname="P13_GroupConcept.P13_01_NewTestClass" name="Method2" time="0.002"/>
  <system-out/>
  <testcase classname="P13_GroupConcept.P13_01_NewTestClass" name="Method4" time="0.001"/>
  <system-out/>
  <testcase classname="P13_GroupConcept.P13_01_NewTestClass" name="Method3" time="0.001"/>
  <system-out/>
  <testcase classname="P13_GroupConcept.P13_01_NewTestClass" name="Method1" time="0.006"/>
  <system-out/>
</testsuite> <!-- P13_GroupConcept.P13_01_NewTestClass -->
