<?xml version="1.0" encoding="UTF-8"?>
<!-- Generated by org.testng.reporters.JUnitReportReporter -->
<testsuite hostname="mangesh-sutar" failures="0" tests="6" name="com.testng.practice.P8_SuiteLevelSingleParameter" time="25.402" errors="0" timestamp="2023-03-09T21:35:47 IST" skipped="0">
  <testcase classname="com.testng.practice.P8_SuiteLevelSingleParameter" name="launchApp" time="8.097"/>
  <system-out/>
  <testcase classname="com.testng.practice.P8_SuiteLevelSingleParameter" name="logindetails" time="7.346"/>
  <system-out/>
  <testcase classname="com.testng.practice.P8_SuiteLevelSingleParameter" name="launchApp" time="3.428"/>
  <system-out/>
  <testcase classname="com.testng.practice.P8_SuiteLevelSingleParameter" name="logindetails" time="6.470"/>
  <system-out/>
  <testcase classname="com.testng.practice.P8_SuiteLevelSingleParameter" name="UserLoggedIN" time="0.033"/>
  <system-out/>
  <testcase classname="com.testng.practice.P8_SuiteLevelSingleParameter" name="UserLoggedIN" time="0.028"/>
  <system-out/>
</testsuite> <!-- com.testng.practice.P8_SuiteLevelSingleParameter -->
