<?xml version="1.0" encoding="UTF-8"?>
<!-- Generated by org.testng.reporters.JUnitReportReporter -->
<testsuite hostname="mangesh-sutar" failures="0" tests="6" name="P12_ignoreCases.TestIgnoreAtTestMethodLevel" time="0.010" errors="0" timestamp="2023-02-23T12:36:30 IST" skipped="2">
  <testcase classname="P12_ignoreCases.TestIgnoreAtTestMethodLevel" name="SearchFlight" time="0.007"/>
  <system-out/>
  <testcase classname="P12_ignoreCases.TestIgnoreAtTestMethodLevel" name="Bookflightticket" time="0.001"/>
  <system-out/>
  <testcase classname="P12_ignoreCases.TestIgnoreAtTestMethodLevel" name="SaveTicket" time="0.001"/>
  <system-out/>
  <testcase classname="P12_ignoreCases.TestIgnoreAtTestMethodLevel" name="Logout" time="0.001"/>
  <system-out/>
  <testcase classname="P12_ignoreCases.TestIgnoreAtTestMethodLevel" name="Login">
    <skipped/>
  </testcase> <!-- Login -->
  <system-out/>
  <testcase classname="P12_ignoreCases.TestIgnoreAtTestMethodLevel" name="SignUp">
    <skipped/>
  </testcase> <!-- SignUp -->
  <system-out/>
</testsuite> <!-- P12_ignoreCases.TestIgnoreAtTestMethodLevel -->
