<?xml version="1.0" encoding="UTF-8"?>
<!-- Generated by org.testng.reporters.JUnitReportReporter -->
<testsuite hostname="mangesh-sutar" failures="0" tests="6" name="com.testng.practice.samplegrupclass2" time="0.004" errors="0" timestamp="2023-03-11T13:34:14 IST" skipped="0">
  <testcase classname="com.testng.practice.samplegrupclass2" name="method8" time="0.000"/>
  <system-out/>
  <testcase classname="com.testng.practice.samplegrupclass2" name="method5" time="0.000"/>
  <system-out/>
  <testcase classname="com.testng.practice.samplegrupclass2" name="method6" time="0.001"/>
  <system-out/>
  <testcase classname="com.testng.practice.samplegrupclass2" name="method9" time="0.001"/>
  <system-out/>
  <testcase classname="com.testng.practice.samplegrupclass2" name="method10" time="0.001"/>
  <system-out/>
  <testcase classname="com.testng.practice.samplegrupclass2" name="method7" time="0.001"/>
  <system-out/>
</testsuite> <!-- com.testng.practice.samplegrupclass2 -->
