<?xml version="1.0" encoding="UTF-8"?>
<!-- Generated by org.testng.reporters.JUnitReportReporter -->
<testsuite hostname="mangesh-sutar" failures="0" tests="4" name="com.testng.practice.P24_InvocationCount" time="42.253" errors="0" timestamp="2023-02-26T06:48:08 IST" skipped="0">
  <testcase classname="com.testng.practice.P24_InvocationCount" name="takeUserdetails" time="7.569"/>
  <system-out/>
  <testcase classname="com.testng.practice.P24_InvocationCount" name="takeUserdetails" time="7.437"/>
  <system-out/>
  <testcase classname="com.testng.practice.P24_InvocationCount" name="takeUserdetails" time="13.606"/>
  <system-out/>
  <testcase classname="com.testng.practice.P24_InvocationCount" name="takeUserdetails" time="13.641"/>
  <system-out/>
</testsuite> <!-- com.testng.practice.P24_InvocationCount -->
