<?xml version="1.0" encoding="UTF-8"?>
<!-- Generated by org.testng.reporters.JUnitReportReporter -->
<testsuite hostname="mangesh-sutar" failures="0" tests="4" name="P23_parallelExectionOfTest.P23_01_TestClass" time="0.009" errors="0" timestamp="2023-02-25T07:43:57 IST" skipped="0">
  <testcase classname="P23_parallelExectionOfTest.P23_01_TestClass" name="testMethod4" time="0.001"/>
  <system-out/>
  <testcase classname="P23_parallelExectionOfTest.P23_01_TestClass" name="testMethod2" time="0.001"/>
  <system-out/>
  <testcase classname="P23_parallelExectionOfTest.P23_01_TestClass" name="testMethod1" time="0.006"/>
  <system-out/>
  <testcase classname="P23_parallelExectionOfTest.P23_01_TestClass" name="testMethod3" time="0.001"/>
  <system-out/>
</testsuite> <!-- P23_parallelExectionOfTest.P23_01_TestClass -->
