<?xml version="1.0" encoding="UTF-8"?>
<!-- Generated by org.testng.reporters.JUnitReportReporter -->
<testsuite hostname="mangesh-sutar" failures="0" tests="2" name="com.testng.practice.sampleDataProvider2" time="0.005" errors="0" timestamp="2023-03-14T19:59:25 IST" skipped="0">
  <testcase classname="com.testng.practice.sampleDataProvider2" name="method" time="0.004"/>
  <system-out/>
  <testcase classname="com.testng.practice.sampleDataProvider2" name="method" time="0.001"/>
  <system-out/>
</testsuite> <!-- com.testng.practice.sampleDataProvider2 -->
