<?xml version="1.0" encoding="UTF-8"?>
<!-- Generated by org.testng.reporters.JUnitReportReporter -->
<testsuite hostname="mangesh-sutar" failures="0" tests="6" name="com.testng.practice.sampletestclass2" time="0.011" errors="0" timestamp="2023-03-11T12:29:45 IST" skipped="0">
  <testcase classname="com.testng.practice.sampletestclass2" name="baduser" time="0.006"/>
  <system-out/>
  <testcase classname="com.testng.practice.sampletestclass2" name="zuser" time="0.001"/>
  <system-out/>
  <testcase classname="com.testng.practice.sampletestclass2" name="yuser" time="0.001"/>
  <system-out/>
  <testcase classname="com.testng.practice.sampletestclass2" name="askuser" time="0.001"/>
  <system-out/>
  <testcase classname="com.testng.practice.sampletestclass2" name="kilouser" time="0.001"/>
  <system-out/>
  <testcase classname="com.testng.practice.sampletestclass2" name="ser" time="0.001"/>
  <system-out/>
</testsuite> <!-- com.testng.practice.sampletestclass2 -->
